<?xml version="1.0" encoding="UTF-8"?>
<!-- Generated by org.testng.reporters.JUnitXMLReporter -->
<testsuite hostname="DESKTOP-V3MGQCV" ignored="0" name="Test2" tests="3" failures="0" timestamp="2020-04-26T15:15:43 NZST" time="15.953" errors="0">
  <testcase name="LoginTest" time="1.641" classname="suites.TC_002_LoginPageTest"/>
  <testcase name="LoginTest" time="1.473" classname="suites.TC_002_LoginPageTest"/>
  <testcase name="LoginTest" time="1.469" classname="suites.TC_002_LoginPageTest"/>
</testsuite> <!-- Test2 -->
