<?xml version="1.0" encoding="UTF-8"?>
<!-- Generated by org.testng.reporters.JUnitXMLReporter -->
<testsuite hostname="DESKTOP-V3MGQCV" ignored="0" name="Test1" tests="6" failures="0" timestamp="2020-04-26T15:17:49 NZST" time="34.282" errors="0">
  <testcase name="LoginTest" time="1.632" classname="suites.TC_002_LoginPageTest"/>
  <testcase name="LoginTest" time="1.492" classname="suites.TC_002_LoginPageTest"/>
  <testcase name="LoginTest" time="1.557" classname="suites.TC_002_LoginPageTest"/>
  <testcase name="VerifyCovidLevelText" time="0.038" classname="suites.TC_001_HomePageTest"/>
  <testcase name="VerifyCovidText" time="0.04" classname="suites.TC_001_HomePageTest"/>
  <testcase name="VerifyTitle" time="0.008" classname="suites.TC_001_HomePageTest"/>
</testsuite> <!-- Test1 -->
