<?xml version="1.0" encoding="UTF-8"?>
<!-- Generated by org.testng.reporters.JUnitXMLReporter -->
<testsuite hostname="DESKTOP-V3MGQCV" ignored="0" name="Default test" tests="3" failures="0" timestamp="2020-04-25T18:44:45 NZST" time="12.905" errors="0">
  <testcase name="VerifyCovidLevelText" time="0.048" classname="suites.TC_001_HomePageTest"/>
  <testcase name="VerifyCovidText" time="0.044" classname="suites.TC_001_HomePageTest"/>
  <testcase name="VerifyTitle" time="0.015" classname="suites.TC_001_HomePageTest"/>
</testsuite> <!-- Default test -->
