<?xml version="1.0" encoding="UTF-8"?>
<!-- Generated by org.testng.reporters.JUnitXMLReporter -->
<testsuite hostname="DESKTOP-V3MGQCV" ignored="0" name="Test2" tests="3" failures="0" timestamp="2020-04-25T21:11:47 NZST" time="11.442" errors="0">
  <testcase name="LoginTest" time="1.297" classname="suites.TC_002_LoginPageTest"/>
  <testcase name="LoginTest" time="1.384" classname="suites.TC_002_LoginPageTest"/>
  <testcase name="LoginTest" time="1.434" classname="suites.TC_002_LoginPageTest"/>
</testsuite> <!-- Test2 -->
