<?xml version="1.0" encoding="UTF-8"?>
<!-- Generated by org.testng.reporters.JUnitXMLReporter -->
<testsuite hostname="DESKTOP-V3MGQCV" ignored="0" name="Test1" tests="3" failures="1" timestamp="2020-04-25T21:11:36 NZST" time="12.703" errors="0">
  <testcase name="VerifyCovidLevelText" time="0.05" classname="suites.TC_001_HomePageTest"/>
  <testcase name="VerifyCovidText" time="0.043" classname="suites.TC_001_HomePageTest">
    <failure type="junit.framework.ComparisonFailure" message="expected:&amp;lt;...3...&amp;gt; but was:&amp;lt;...4...&amp;gt;">
      <![CDATA[junit.framework.ComparisonFailure: expected:<...3...> but was:<...4...>
at junit.framework.Assert.assertEquals(Assert.java:81)
at junit.framework.Assert.assertEquals(Assert.java:87)
at pageObjects.anzHomePage.verifyCovidText(anzHomePage.java:34)
at suites.TC_001_HomePageTest.VerifyCovidText(TC_001_HomePageTest.java:40)
at java.util.ArrayList.forEach(Unknown Source)
... Removed 27 stack frames]]>
    </failure>
  </testcase> <!-- VerifyCovidText -->
  <testcase name="VerifyTitle" time="0.027" classname="suites.TC_001_HomePageTest"/>
</testsuite> <!-- Test1 -->
