<?xml version="1.0" encoding="UTF-8"?>
<!-- Generated by org.testng.reporters.JUnitXMLReporter -->
<testsuite hostname="DESKTOP-V3MGQCV" ignored="0" name="Test" tests="6" failures="0" timestamp="2020-04-25T17:08:43 NZST" time="22.297" errors="0">
  <testcase name="VerifyCovidLevelText" time="0.05" classname="suites.TC_001_HomePageTest"/>
  <testcase name="VerifyCovidText" time="0.04" classname="suites.TC_001_HomePageTest"/>
  <testcase name="VerifyTitle" time="0.008" classname="suites.TC_001_HomePageTest"/>
  <testcase name="LoginTest" time="1.411" classname="suites.TC_002_LoginPageTest"/>
  <testcase name="LoginTest" time="1.397" classname="suites.TC_002_LoginPageTest"/>
  <testcase name="LoginTest" time="1.433" classname="suites.TC_002_LoginPageTest"/>
</testsuite> <!-- Test -->
